{
  "0 debug pnpm:scope": {
    "selected": 1
  },
  "1 debug pnpm:package-manifest": {
    "initial": {},
    "prefix": "/Users/zwe/Library/pnpm/store/v3/tmp/dlx-85418"
  },
  "2 debug pnpm:context": {
    "currentLockfileExists": false,
    "storeDir": "/Users/zwe/Library/pnpm/store/v3",
    "virtualStoreDir": "/Users/zwe/Library/pnpm/store/v3/tmp/dlx-85418/node_modules/.pnpm"
  },
  "3 debug pnpm:stage": {
    "prefix": "/Users/zwe/Library/pnpm/store/v3/tmp/dlx-85418",
    "stage": "resolution_started"
  },
  "4 error pnpm": {
    "code": "ERR_PNPM_FETCH_404",
    "hint": "create-ts-next-app is not in the npm registry, or you have no permission to fetch it.\n\nNo authorization header was set for the request.",
    "request": {
      "url": "https://registry.npmjs.org/create-ts-next-app"
    },
    "response": {
      "size": 0
    },
    "pkgName": "create-ts-next-app",
    "spec": {
      "fetchSpec": "latest",
      "name": "create-ts-next-app",
      "type": "tag"
    },
    "pkgsStack": [],
    "err": {
      "name": "pnpm",
      "message": "GET https://registry.npmjs.org/create-ts-next-app: Not Found - 404",
      "code": "ERR_PNPM_FETCH_404",
      "stack": "pnpm: GET https://registry.npmjs.org/create-ts-next-app: Not Found - 404\n    at RetryOperation._fn (/Users/zwe/.nvm/versions/node/v16.13.1/lib/node_modules/pnpm/dist/pnpm.cjs:84430:19)\n    at processTicksAndRejections (node:internal/process/task_queues:96:5)"
    }
  }
}